C:\Program Files\Microsoft Visual Studio\2022\Preview\MSBuild\Microsoft\VC\v170\Microsoft.CppBuild.targets(519,5): warning MSB8004: Intermediate Directory does not end with a trailing slash.  This build instance will add the slash as it is required to allow proper evaluation of the Intermediate Directory.
C:\Program Files\Microsoft Visual Studio\2022\Preview\MSBuild\Microsoft\VC\v170\Microsoft.CppBuild.targets(520,5): warning MSB8004: Output Directory does not end with a trailing slash.  This build instance will add the slash as it is required to allow proper evaluation of the Output Directory.
  Scanning sources for module dependencies...
  StringFunc.h
  Compiling...
  StringFunc.h
  Core.cpp
  ErrorBase.cpp
  Basic_File.cpp
C:\Dev\ProjectTime\Core\src\Base\FileManagment\Basic_File.cpp(168,26): warning C4101: 'e': unreferenced local variable
C:\Dev\ProjectTime\Core\src\Base\FileManagment\Basic_File.cpp(350,26): warning C4101: 'e': unreferenced local variable
C:\Dev\ProjectTime\Core\src\Base\FileManagment\Basic_File.cpp(364,26): warning C4101: 'e': unreferenced local variable
C:\Dev\ProjectTime\Core\src\Base\FileManagment\Basic_File.cpp(391,26): warning C4101: 'e': unreferenced local variable
C:\Dev\ProjectTime\Core\src\Base\FileManagment\Basic_File.cpp(408,26): warning C4101: 'e': unreferenced local variable
C:\Dev\ProjectTime\Core\src\Base\FileManagment\Basic_File.cpp(434,26): warning C4101: 'e': unreferenced local variable
C:\Dev\ProjectTime\Core\src\Base\FileManagment\Basic_File.cpp(449,26): warning C4101: 'e': unreferenced local variable
C:\Dev\ProjectTime\Core\src\Base\FileManagment\Basic_File.cpp(465,26): warning C4101: 'e': unreferenced local variable
C:\Dev\ProjectTime\Core\src\Base\FileManagment\Basic_File.cpp(511,26): warning C4101: 'e': unreferenced local variable
C:\Dev\ProjectTime\Core\src\Base\FileManagment\Basic_File.cpp(525,26): warning C4101: 'e': unreferenced local variable
C:\Dev\ProjectTime\Core\src\Base\FileManagment\Basic_File.cpp(552,26): warning C4101: 'e': unreferenced local variable
C:\Dev\ProjectTime\Core\src\Base\FileManagment\Basic_File.cpp(569,26): warning C4101: 'e': unreferenced local variable
C:\Dev\ProjectTime\Core\src\Base\FileManagment\Basic_File.cpp(595,26): warning C4101: 'e': unreferenced local variable
C:\Dev\ProjectTime\Core\src\Base\FileManagment\Basic_File.cpp(610,26): warning C4101: 'e': unreferenced local variable
C:\Dev\ProjectTime\Core\src\Base\FileManagment\Basic_File.cpp(626,26): warning C4101: 'e': unreferenced local variable
C:\Dev\ProjectTime\Core\src\Base\FileManagment\Basic_File.cpp(700,26): warning C4101: 'e': unreferenced local variable
  Logger.cpp
  ProjectFile.cpp
  Project.cpp
StringFunc.h.obj : error LNK2005: "class std::vector<class std::basic_string<char,struct std::char_traits<char>,class std::allocator<char> >,class std::allocator<class std::basic_string<char,struct std::char_traits<char>,class std::allocator<char> > > > __cdecl Core::StringFunc::Split(class std::basic_string<char,struct std::char_traits<char>,class std::allocator<char> >,char)" (?Split@StringFunc@Core@@YA?AV?$vector@V?$basic_string@DU?$char_traits@D@std@@V?$allocator@D@2@@std@@V?$allocator@V?$basic_string@DU?$char_traits@D@std@@V?$allocator@D@2@@std@@@2@@std@@V?$basic_string@DU?$char_traits@D@std@@V?$allocator@D@2@@4@D@Z) already defined in ProjectFile.obj
     Creating library C:\Dev\ProjectTime\bin\Release\Core\Core.lib and object C:\Dev\ProjectTime\bin\Release\Core\Core.exp
C:\Dev\ProjectTime\bin\Release\Core\Core.dll : fatal error LNK1169: one or more multiply defined symbols found
