c:\dev\projecttime\bin-int\release\core\vc143.pdb
c:\dev\projecttime\bin-int\release\core\errorbase.obj
c:\dev\projecttime\bin-int\release\core\typeerror.obj
c:\dev\projecttime\bin-int\release\core\project.obj
c:\dev\projecttime\bin-int\release\core\logger.obj
c:\dev\projecttime\bin-int\release\core\basic_file.obj
c:\dev\projecttime\bin-int\release\core\core.obj
c:\dev\projecttime\bin-int\release\core\projectfile.obj
c:\dev\projecttime\bin\release\core\core.lib
c:\dev\projecttime\bin\release\core\core.exp
c:\dev\projecttime\bin\release\core\core.dll
c:\dev\projecttime\bin-int\release\core\core.ipdb
c:\dev\projecttime\bin\release\core\core.pdb
c:\dev\projecttime\bin-int\release\core\core.iobj
c:\dev\projecttime\bin-int\release\core\core.vcxproj.filelistabsolute.txt
c:\dev\projecttime\bin-int\release\core\core.tlog\cl.command.1.tlog
c:\dev\projecttime\bin-int\release\core\core.tlog\cl.read.1.tlog
c:\dev\projecttime\bin-int\release\core\core.tlog\cl.write.1.tlog
c:\dev\projecttime\bin-int\release\core\core.tlog\core.write.1u.tlog
c:\dev\projecttime\bin-int\release\core\core.tlog\link.command.1.tlog
c:\dev\projecttime\bin-int\release\core\core.tlog\link.read.1.tlog
c:\dev\projecttime\bin-int\release\core\core.tlog\link.write.1.tlog
