C:\Program Files\Microsoft Visual Studio\2022\Preview\MSBuild\Microsoft\VC\v170\Microsoft.CppBuild.targets(519,5): warning MSB8004: Intermediate Directory does not end with a trailing slash.  This build instance will add the slash as it is required to allow proper evaluation of the Intermediate Directory.
C:\Program Files\Microsoft Visual Studio\2022\Preview\MSBuild\Microsoft\VC\v170\Microsoft.CppBuild.targets(520,5): warning MSB8004: Output Directory does not end with a trailing slash.  This build instance will add the slash as it is required to allow proper evaluation of the Output Directory.
  Core.cpp
  ErrorBase.cpp
C:\Dev\ProjectTime\Core\src\Base\Error\ErrorBase.h(3,10): fatal  error C1083: Cannot open include file: 'src/Base/FileManagment/Basic_File.h': No such file or directory
  TypeError.cpp
C:\Dev\ProjectTime\Core\src\Base\Error\TypeError.h(3,10): fatal  error C1083: Cannot open include file: 'src/Base/Error/ErrorBase.h': No such file or directory
  Basic_File.cpp
C:\Dev\ProjectTime\Core\src\Base\FileManagment\Basic_File.cpp(148,26): warning C4101: 'e': unreferenced local variable
C:\Dev\ProjectTime\Core\src\Base\FileManagment\Basic_File.cpp(182,26): warning C4101: 'e': unreferenced local variable
C:\Dev\ProjectTime\Core\src\Base\FileManagment\Basic_File.cpp(375,26): warning C4101: 'e': unreferenced local variable
C:\Dev\ProjectTime\Core\src\Base\FileManagment\Basic_File.cpp(392,26): warning C4101: 'e': unreferenced local variable
C:\Dev\ProjectTime\Core\src\Base\FileManagment\Basic_File.cpp(422,26): warning C4101: 'e': unreferenced local variable
C:\Dev\ProjectTime\Core\src\Base\FileManagment\Basic_File.cpp(442,26): warning C4101: 'e': unreferenced local variable
C:\Dev\ProjectTime\Core\src\Base\FileManagment\Basic_File.cpp(471,26): warning C4101: 'e': unreferenced local variable
C:\Dev\ProjectTime\Core\src\Base\FileManagment\Basic_File.cpp(489,26): warning C4101: 'e': unreferenced local variable
C:\Dev\ProjectTime\Core\src\Base\FileManagment\Basic_File.cpp(508,26): warning C4101: 'e': unreferenced local variable
C:\Dev\ProjectTime\Core\src\Base\FileManagment\Basic_File.cpp(561,26): warning C4101: 'e': unreferenced local variable
C:\Dev\ProjectTime\Core\src\Base\FileManagment\Basic_File.cpp(578,26): warning C4101: 'e': unreferenced local variable
C:\Dev\ProjectTime\Core\src\Base\FileManagment\Basic_File.cpp(608,26): warning C4101: 'e': unreferenced local variable
C:\Dev\ProjectTime\Core\src\Base\FileManagment\Basic_File.cpp(628,26): warning C4101: 'e': unreferenced local variable
C:\Dev\ProjectTime\Core\src\Base\FileManagment\Basic_File.cpp(657,26): warning C4101: 'e': unreferenced local variable
C:\Dev\ProjectTime\Core\src\Base\FileManagment\Basic_File.cpp(675,26): warning C4101: 'e': unreferenced local variable
C:\Dev\ProjectTime\Core\src\Base\FileManagment\Basic_File.cpp(694,26): warning C4101: 'e': unreferenced local variable
C:\Dev\ProjectTime\Core\src\Base\FileManagment\Basic_File.cpp(775,26): warning C4101: 'e': unreferenced local variable
  Logger.cpp
C:\Dev\ProjectTime\Core\src\Base\Logger.cpp(8,10): fatal  error C1083: Cannot open include file: 'rang.hpp': No such file or directory
  ProjectFile.cpp
C:\Dev\ProjectTime\Core\src\FileManagment\ProjectFile.h(3,10): fatal  error C1083: Cannot open include file: 'src/Base/FileManagment/Basic_File.h': No such file or directory
  Project.cpp
C:\Dev\ProjectTime\Core\src\Project\Project.h(5,10): fatal  error C1083: Cannot open include file: 'src/Project/ProjectType.h': No such file or directory
  Generating Code...
